Update date : Sat Oct 05 12:30:50 GMT 2024
 
 Table 'activite' found in repository
 . Column 'id' : Comment changed to null
 . Column 'id' updated
 . Column 'date' : Comment changed to null
 . Column 'date' updated
 . Column 'description' : Comment changed to null
 . Column 'description' updated
 . Column 'lieu' : Comment changed to null
 . Column 'lieu' updated
 . Column 'nom' : Comment changed to null
 . Column 'nom' updated
 (*) table 'activite' updated : 5 change(s)
 
 Table 'activite_comptes_rendus' found in repository
 . Column 'activite_id' : Comment changed to null
 . Column 'activite_id' updated
 . Column 'comptes_rendus_id' : Comment changed to null
 . Column 'comptes_rendus_id' updated
 (*) table 'activite_comptes_rendus' updated : 2 change(s)
 
 Table 'activite_medias' found in repository
 . Column 'activite_id' : Comment changed to null
 . Column 'activite_id' updated
 . Column 'medias_id' : Comment changed to null
 . Column 'medias_id' updated
 (*) table 'activite_medias' updated : 2 change(s)
 
 Table 'activite_participants' found in repository
 . Column 'activite_id' : Comment changed to null
 . Column 'activite_id' updated
 . Column 'participants_id' : Comment changed to null
 . Column 'participants_id' updated
 (*) table 'activite_participants' updated : 2 change(s)
 
 Table 'compte_rendu' found in repository
 . Column 'id' : Comment changed to null
 . Column 'id' updated
 . Column 'contenu' : Comment changed to null
 . Column 'contenu' updated
 . Column 'date_creation' : Comment changed to null
 . Column 'date_creation' updated
 . Column 'auteur_id' : Comment changed to null
 . Column 'auteur_id' updated
 . Column 'reunion_id' : Comment changed to null
 . Column 'reunion_id' updated
 (*) table 'compte_rendu' updated : 5 change(s)
 
 Table 'cotisation' found in repository
 . Column 'id' : Comment changed to null
 . Column 'id' updated
 . Column 'date_paiement' : Comment changed to null
 . Column 'date_paiement' updated
 . Column 'description' : Comment changed to null
 . Column 'description' updated
 . Column 'libelle' : Comment changed to null
 . Column 'libelle' updated
 . Column 'methode_paiement' : Comment changed to null
 . Column 'methode_paiement' updated
 . Column 'montant' : Comment changed to null
 . Column 'montant' updated
 . Column 'membre_id' : Comment changed to null
 . Column 'membre_id' updated
 (*) table 'cotisation' updated : 7 change(s)
 
 Table 'cotisation_detail' found in repository
 . Column 'id' : Comment changed to null
 . Column 'id' updated
 . Column 'description' : Comment changed to null
 . Column 'description' updated
 . Column 'libelle' : Comment changed to null
 . Column 'libelle' updated
 . Column 'libelle_periode' : Comment changed to null
 . Column 'libelle_periode' updated
 . Column 'montant' : Comment changed to null
 . Column 'montant' updated
 . Column 'periode' : Comment changed to null
 . Column 'periode' updated
 . Column 'cotisation_id' : Comment changed to null
 . Column 'cotisation_id' updated
 (*) table 'cotisation_detail' updated : 7 change(s)
 
 Table 'document' found in repository
 . Column 'id' : Comment changed to null
 . Column 'id' updated
 . Column 'contenu' : Comment changed to null
 . Column 'contenu' updated
 . Column 'date_creation' : Comment changed to null
 . Column 'date_creation' updated
 . Column 'auteur_id' : Comment changed to null
 . Column 'auteur_id' updated
 . Column 'reunion_id' : Comment changed to null
 . Column 'reunion_id' updated
 . Column 'type_document_id' : Comment changed to null
 . Column 'type_document_id' updated
 (*) table 'document' updated : 6 change(s)
 
 Table 'evenement' found in repository
 . Column 'id' : Comment changed to null
 . Column 'id' updated
 . Column 'date' : Comment changed to null
 . Column 'date' updated
 . Column 'description' : Comment changed to null
 . Column 'description' updated
 . Column 'lieu' : Comment changed to null
 . Column 'lieu' updated
 . Column 'nom' : Comment changed to null
 . Column 'nom' updated
 (*) table 'evenement' updated : 5 change(s)
 
 Table 'evenement_comptes_rendus' found in repository
 . Column 'evenement_id' : Comment changed to null
 . Column 'evenement_id' updated
 . Column 'comptes_rendus_id' : Comment changed to null
 . Column 'comptes_rendus_id' updated
 (*) table 'evenement_comptes_rendus' updated : 2 change(s)
 
 Table 'evenement_medias' found in repository
 . Column 'evenement_id' : Comment changed to null
 . Column 'evenement_id' updated
 . Column 'medias_id' : Comment changed to null
 . Column 'medias_id' updated
 (*) table 'evenement_medias' updated : 2 change(s)
 
 Table 'evenement_participants' found in repository
 . Column 'evenement_id' : Comment changed to null
 . Column 'evenement_id' updated
 . Column 'participants_id' : Comment changed to null
 . Column 'participants_id' updated
 (*) table 'evenement_participants' updated : 2 change(s)
 
 Table 'fonction' found in repository
 . Column 'id' : Comment changed to null
 . Column 'id' updated
 . Column 'code' : Comment changed to null
 . Column 'code' updated
 . Column 'description' : Comment changed to null
 . Column 'description' updated
 . Column 'libelle' : Comment changed to null
 . Column 'libelle' updated
 (*) table 'fonction' updated : 4 change(s)
 
 Table 'media' found in repository
 . Column 'id' : Comment changed to null
 . Column 'id' updated
 . Column 'chemin_fichier' : Comment changed to null
 . Column 'chemin_fichier' updated
 . Column 'date_creation' : Comment changed to null
 . Column 'date_creation' updated
 . Column 'description' : Comment changed to null
 . Column 'description' updated
 . Column 'titre' : Comment changed to null
 . Column 'titre' updated
 . Column 'type' : Comment changed to null
 . Column 'type' updated
 . Column 'activite_id' : Comment changed to null
 . Column 'activite_id' updated
 . Column 'evenement_id' : Comment changed to null
 . Column 'evenement_id' updated
 . Column 'reunion_id' : Comment changed to null
 . Column 'reunion_id' updated
 (*) table 'media' updated : 9 change(s)
 
 Table 'membre' found in repository
 . Column 'id' : Comment changed to null
 . Column 'id' updated
 . Column 'code_postal' : Comment changed to null
 . Column 'code_postal' updated
 . Column 'nom_rue' : Comment changed to null
 . Column 'nom_rue' updated
 . Column 'numero_rue' : Comment changed to null
 . Column 'numero_rue' updated
 . Column 'ville' : Comment changed to null
 . Column 'ville' updated
 . Column 'date_inscription' : Comment changed to null
 . Column 'date_inscription' updated
 . Column 'date_naissance' : Comment changed to null
 . Column 'date_naissance' updated
 . Column 'email' : Comment changed to null
 . Column 'email' updated
 . Column 'nom' : Comment changed to null
 . Column 'nom' updated
 . Column 'prenom' : Comment changed to null
 . Column 'prenom' updated
 . Column 'statut' : Comment changed to null
 . Column 'statut' updated
 . Column 'telephone' : Comment changed to null
 . Column 'telephone' updated
 . Column 'fonction_id' : Comment changed to null
 . Column 'fonction_id' updated
 (*) table 'membre' updated : 13 change(s)
 
 Table 'mode_paiement' found in repository
 . Column 'id' : Comment changed to null
 . Column 'id' updated
 . Column 'code' : Comment changed to null
 . Column 'code' updated
 . Column 'description' : Comment changed to null
 . Column 'description' updated
 . Column 'libelle' : Comment changed to null
 . Column 'libelle' updated
 (*) table 'mode_paiement' updated : 4 change(s)
 
 Table 'reunion' found in repository
 . Column 'id' : Comment changed to null
 . Column 'id' updated
 . Column 'date_heure' : Comment changed to null
 . Column 'date_heure' updated
 . Column 'lieu' : Comment changed to null
 . Column 'lieu' updated
 . Column 'sujet' : Comment changed to null
 . Column 'sujet' updated
 (*) table 'reunion' updated : 4 change(s)
 
 Table 'reunion_comptes_rendus' found in repository
 . Column 'reunion_id' : Comment changed to null
 . Column 'reunion_id' updated
 . Column 'comptes_rendus_id' : Comment changed to null
 . Column 'comptes_rendus_id' updated
 (*) table 'reunion_comptes_rendus' updated : 2 change(s)
 
 Table 'reunion_medias' found in repository
 . Column 'reunion_id' : Comment changed to null
 . Column 'reunion_id' updated
 . Column 'medias_id' : Comment changed to null
 . Column 'medias_id' updated
 (*) table 'reunion_medias' updated : 2 change(s)
 
 Table 'reunion_participants' found in repository
 . Column 'reunion_id' : Comment changed to null
 . Column 'reunion_id' updated
 . Column 'participants_id' : Comment changed to null
 . Column 'participants_id' updated
 (*) table 'reunion_participants' updated : 2 change(s)
 
 Table 'type_document' found in repository
 . Column 'id' : Comment changed to null
 . Column 'id' updated
 . Column 'code' : Comment changed to null
 . Column 'code' updated
 . Column 'description' : Comment changed to null
 . Column 'description' updated
 (*) table 'type_document' updated : 3 change(s)
